<?xml version="1.0" encoding="UTF-8" standalone="yes"?><testsuite errors="0" failures="0" hostName="Mac-1672057554154.local" name="JSystem Reporter" tests="8" time="290.319" timeStamp="Mon Dec 26 12:53:48 UTC 2022"><testcase classname="MSK_APP.General" name="StartApp" time="81.312"/><testcase classname="MSK_APP.Test.Phone_verification" name="Click_country_picker" time="39.538"/><testcase classname="MSK_APP.Test.Phone_verification" name="Select_country" time="8.768"/><testcase classname="MSK_APP.Test.Phone_verification" name="click_select_region" time="9.541"/><testcase classname="MSK_APP.Test.Phone_verification" name="Enter_phone_number" time="14.873"/><testcase classname="MSK_APP.Test.Phone_verification" name="click_Get_code_button" time="7.605"/><testcase classname="MSK_APP.Test.VarificationCode" name="Enter_code" time="113.695"/><testcase classname="MSK_APP.Test.VarificationCode" name="Home_page" time="12.246"/></testsuite>